This is pdfTeX, Version 3.14159265-2.6-1.40.21 (MiKTeX 20.6.29) (preloaded format=pdflatex 2020.7.28)  30 APR 2021 15:02
entering extended mode
**./report.tex
(report.tex
LaTeX2e <2020-02-02> patch level 5
L3 programming layer <2020-06-18>
(D:\Users\LeeHoang\AppData\Local\Programs\MiKTeX\tex/latex/base\report.cls
Document Class: report 2019/12/20 v1.4l Standard LaTeX document class
(D:\Users\LeeHoang\AppData\Local\Programs\MiKTeX\tex/latex/base\size12.clo
File: size12.clo 2019/12/20 v1.4l Standard LaTeX file (size option)
)
\c@part=\count167
\c@chapter=\count168
\c@section=\count169
\c@subsection=\count170
\c@subsubsection=\count171
\c@paragraph=\count172
\c@subparagraph=\count173
\c@figure=\count174
\c@table=\count175
\abovecaptionskip=\skip47
\belowcaptionskip=\skip48
\bibindent=\dimen134
)
(D:\Users\LeeHoang\AppData\Local\Programs\MiKTeX\tex/latex/lipsum\lipsum.sty
(D:\Users\LeeHoang\AppData\Local\Programs\MiKTeX\tex/latex/l3kernel\expl3.sty
Package: expl3 2020-06-18 L3 programming layer (loader) 

(D:\Users\LeeHoang\AppData\Local\Programs\MiKTeX\tex/latex/l3backend\l3backend-
pdfmode.def
File: l3backend-pdfmode.def 2020-06-29 L3 backend support: PDF mode
\l__kernel_color_stack_int=\count176
\l__pdf_internal_box=\box45
))
(D:\Users\LeeHoang\AppData\Local\Programs\MiKTeX\tex/latex/l3packages/xparse\xp
arse.sty
Package: xparse 2020-05-15 L3 Experimental document command parser

(D:\Users\LeeHoang\AppData\Local\Programs\MiKTeX\tex/latex/l3packages/xparse\xp
arse-generic.tex
\l__xparse_current_arg_int=\count177
\g__xparse_grabber_int=\count178
\l__xparse_m_args_int=\count179
\l__xparse_v_nesting_int=\count180
))
Package: lipsum 2019/01/02 v2.2 150 paragraphs of Lorem Ipsum dummy text

(D:\Users\LeeHoang\AppData\Local\Programs\MiKTeX\tex/latex/lipsum\lipsum.ltd.te
x
File: lipsum.ltd.tex 2019/01/02 v2.2 The Lorem ipsum dummy text
))
(D:\Users\LeeHoang\AppData\Local\Programs\MiKTeX\tex/latex/mathtools\mathtools.
sty
Package: mathtools 2020/03/24 v1.24 mathematical typesetting tools

(D:\Users\LeeHoang\AppData\Local\Programs\MiKTeX\tex/latex/graphics\keyval.sty
Package: keyval 2014/10/28 v1.15 key=value parser (DPC)
\KV@toks@=\toks15
) (D:\Users\LeeHoang\AppData\Local\Programs\MiKTeX\tex/latex/tools\calc.sty
Package: calc 2017/05/25 v4.3 Infix arithmetic (KKT,FJ)
\calc@Acount=\count181
\calc@Bcount=\count182
\calc@Adimen=\dimen135
\calc@Bdimen=\dimen136
\calc@Askip=\skip49
\calc@Bskip=\skip50
LaTeX Info: Redefining \setlength on input line 80.
LaTeX Info: Redefining \addtolength on input line 81.
\calc@Ccount=\count183
\calc@Cskip=\skip51
)
(D:\Users\LeeHoang\AppData\Local\Programs\MiKTeX\tex/latex/mathtools\mhsetup.st
y
Package: mhsetup 2017/03/31 v1.3 programming setup (MH)
)
(D:\Users\LeeHoang\AppData\Local\Programs\MiKTeX\tex/latex/amsmath\amsmath.sty
Package: amsmath 2020/01/20 v2.17e AMS math features
\@mathmargin=\skip52

For additional information on amsmath, use the `?' option.
(D:\Users\LeeHoang\AppData\Local\Programs\MiKTeX\tex/latex/amsmath\amstext.sty
Package: amstext 2000/06/29 v2.01 AMS text

(D:\Users\LeeHoang\AppData\Local\Programs\MiKTeX\tex/latex/amsmath\amsgen.sty
File: amsgen.sty 1999/11/30 v2.0 generic functions
\@emptytoks=\toks16
\ex@=\dimen137
)) (D:\Users\LeeHoang\AppData\Local\Programs\MiKTeX\tex/latex/amsmath\amsbsy.st
y
Package: amsbsy 1999/11/29 v1.2d Bold Symbols
\pmbraise@=\dimen138
) (D:\Users\LeeHoang\AppData\Local\Programs\MiKTeX\tex/latex/amsmath\amsopn.sty
Package: amsopn 2016/03/08 v2.02 operator names
)
\inf@bad=\count184
LaTeX Info: Redefining \frac on input line 227.
\uproot@=\count185
\leftroot@=\count186
LaTeX Info: Redefining \overline on input line 389.
\classnum@=\count187
\DOTSCASE@=\count188
LaTeX Info: Redefining \ldots on input line 486.
LaTeX Info: Redefining \dots on input line 489.
LaTeX Info: Redefining \cdots on input line 610.
\Mathstrutbox@=\box46
\strutbox@=\box47
\big@size=\dimen139
LaTeX Font Info:    Redeclaring font encoding OML on input line 733.
LaTeX Font Info:    Redeclaring font encoding OMS on input line 734.
\macc@depth=\count189
\c@MaxMatrixCols=\count190
\dotsspace@=\muskip16
\c@parentequation=\count191
\dspbrk@lvl=\count192
\tag@help=\toks17
\row@=\count193
\column@=\count194
\maxfields@=\count195
\andhelp@=\toks18
\eqnshift@=\dimen140
\alignsep@=\dimen141
\tagshift@=\dimen142
\tagwidth@=\dimen143
\totwidth@=\dimen144
\lineht@=\dimen145
\@envbody=\toks19
\multlinegap=\skip53
\multlinetaggap=\skip54
\mathdisplay@stack=\toks20
LaTeX Info: Redefining \[ on input line 2859.
LaTeX Info: Redefining \] on input line 2860.
)
LaTeX Info: Thecontrolsequence`\('isalreadyrobust on input line 130.
LaTeX Info: Thecontrolsequence`\)'isalreadyrobust on input line 130.
LaTeX Info: Thecontrolsequence`\['isalreadyrobust on input line 130.
LaTeX Info: Thecontrolsequence`\]'isalreadyrobust on input line 130.
\g_MT_multlinerow_int=\count196
\l_MT_multwidth_dim=\dimen146
\origjot=\skip55
\l_MT_shortvdotswithinadjustabove_dim=\dimen147
\l_MT_shortvdotswithinadjustbelow_dim=\dimen148
\l_MT_above_intertext_sep=\dimen149
\l_MT_below_intertext_sep=\dimen150
\l_MT_above_shortintertext_sep=\dimen151
\l_MT_below_shortintertext_sep=\dimen152
\xmathstrut@box=\box48
\xmathstrut@dim=\dimen153
) (D:\Users\LeeHoang\AppData\Local\Programs\MiKTeX\tex/latex/tools\array.sty
Package: array 2019/08/31 v2.4l Tabular extension package (FMi)
\col@sep=\dimen154
\ar@mcellbox=\box49
\extrarowheight=\dimen155
\NC@list=\toks21
\extratabsurround=\skip56
\backup@length=\skip57
\ar@cellbox=\box50
)
(D:\Users\LeeHoang\AppData\Local\Programs\MiKTeX\tex/latex/colortbl\colortbl.st
y
Package: colortbl 2020/01/04 v1.0e Color table columns (DPC)
 (D:\Users\LeeHoang\AppData\Local\Programs\MiKTeX\tex/latex/graphics\color.sty
Package: color 2019/11/23 v1.2a Standard LaTeX Color (DPC)

(D:\Users\LeeHoang\AppData\Local\Programs\MiKTeX\tex/latex/graphics-cfg\color.c
fg
File: color.cfg 2016/01/02 v1.6 sample color configuration
)
Package color Info: Driver file: pdftex.def on input line 147.

(D:\Users\LeeHoang\AppData\Local\Programs\MiKTeX\tex/latex/graphics-def\pdftex.
def
File: pdftex.def 2018/01/08 v1.0l Graphics/color driver for pdftex
))
\everycr=\toks22
\minrowclearance=\skip58
)
(D:\Users\LeeHoang\AppData\Local\Programs\MiKTeX\tex/latex/chemfig\chemfig.sty
(D:\Users\LeeHoang\AppData\Local\Programs\MiKTeX\tex/latex/pgf/frontendlayer\ti
kz.sty
(D:\Users\LeeHoang\AppData\Local\Programs\MiKTeX\tex/latex/pgf/basiclayer\pgf.s
ty
(D:\Users\LeeHoang\AppData\Local\Programs\MiKTeX\tex/latex/pgf/utilities\pgfrcs
.sty
(D:\Users\LeeHoang\AppData\Local\Programs\MiKTeX\tex/generic/pgf/utilities\pgfu
til-common.tex
\pgfutil@everybye=\toks23
\pgfutil@tempdima=\dimen156
\pgfutil@tempdimb=\dimen157

(D:\Users\LeeHoang\AppData\Local\Programs\MiKTeX\tex/generic/pgf/utilities\pgfu
til-common-lists.tex))
(D:\Users\LeeHoang\AppData\Local\Programs\MiKTeX\tex/generic/pgf/utilities\pgfu
til-latex.def
\pgfutil@abb=\box51

(D:\Users\LeeHoang\AppData\Local\Programs\MiKTeX\tex/latex/ms\everyshi.sty
Package: everyshi 2001/05/15 v3.00 EveryShipout Package (MS)
))
(D:\Users\LeeHoang\AppData\Local\Programs\MiKTeX\tex/generic/pgf/utilities\pgfr
cs.code.tex
(D:\Users\LeeHoang\AppData\Local\Programs\MiKTeX\tex/generic/pgf\pgf.revision.t
ex)
Package: pgfrcs 2020/01/08 v3.1.5b (3.1.5b)
))
Package: pgf 2020/01/08 v3.1.5b (3.1.5b)

(D:\Users\LeeHoang\AppData\Local\Programs\MiKTeX\tex/latex/pgf/basiclayer\pgfco
re.sty
(D:\Users\LeeHoang\AppData\Local\Programs\MiKTeX\tex/latex/graphics\graphicx.st
y
Package: graphicx 2019/11/30 v1.2a Enhanced LaTeX Graphics (DPC,SPQR)

(D:\Users\LeeHoang\AppData\Local\Programs\MiKTeX\tex/latex/graphics\graphics.st
y
Package: graphics 2019/11/30 v1.4a Standard LaTeX Graphics (DPC,SPQR)
 (D:\Users\LeeHoang\AppData\Local\Programs\MiKTeX\tex/latex/graphics\trig.sty
Package: trig 2016/01/03 v1.10 sin cos tan (DPC)
)
(D:\Users\LeeHoang\AppData\Local\Programs\MiKTeX\tex/latex/graphics-cfg\graphic
s.cfg
File: graphics.cfg 2016/06/04 v1.11 sample graphics configuration
)
Package graphics Info: Driver file: pdftex.def on input line 105.
)
\Gin@req@height=\dimen158
\Gin@req@width=\dimen159
)
(D:\Users\LeeHoang\AppData\Local\Programs\MiKTeX\tex/latex/pgf/systemlayer\pgfs
ys.sty
(D:\Users\LeeHoang\AppData\Local\Programs\MiKTeX\tex/generic/pgf/systemlayer\pg
fsys.code.tex
Package: pgfsys 2020/01/08 v3.1.5b (3.1.5b)

(D:\Users\LeeHoang\AppData\Local\Programs\MiKTeX\tex/generic/pgf/utilities\pgfk
eys.code.tex
\pgfkeys@pathtoks=\toks24
\pgfkeys@temptoks=\toks25

(D:\Users\LeeHoang\AppData\Local\Programs\MiKTeX\tex/generic/pgf/utilities\pgfk
eysfiltered.code.tex
\pgfkeys@tmptoks=\toks26
))
\pgf@x=\dimen160
\pgf@y=\dimen161
\pgf@xa=\dimen162
\pgf@ya=\dimen163
\pgf@xb=\dimen164
\pgf@yb=\dimen165
\pgf@xc=\dimen166
\pgf@yc=\dimen167
\pgf@xd=\dimen168
\pgf@yd=\dimen169
\w@pgf@writea=\write3
\r@pgf@reada=\read2
\c@pgf@counta=\count197
\c@pgf@countb=\count198
\c@pgf@countc=\count199
\c@pgf@countd=\count266
\t@pgf@toka=\toks27
\t@pgf@tokb=\toks28
\t@pgf@tokc=\toks29
\pgf@sys@id@count=\count267

(D:\Users\LeeHoang\AppData\Local\Programs\MiKTeX\tex/generic/pgf/systemlayer\pg
f.cfg
File: pgf.cfg 2020/01/08 v3.1.5b (3.1.5b)
)
Driver file for pgf: pgfsys-pdftex.def

(D:\Users\LeeHoang\AppData\Local\Programs\MiKTeX\tex/generic/pgf/systemlayer\pg
fsys-pdftex.def
File: pgfsys-pdftex.def 2020/01/08 v3.1.5b (3.1.5b)

(D:\Users\LeeHoang\AppData\Local\Programs\MiKTeX\tex/generic/pgf/systemlayer\pg
fsys-common-pdf.def
File: pgfsys-common-pdf.def 2020/01/08 v3.1.5b (3.1.5b)
)))
(D:\Users\LeeHoang\AppData\Local\Programs\MiKTeX\tex/generic/pgf/systemlayer\pg
fsyssoftpath.code.tex
File: pgfsyssoftpath.code.tex 2020/01/08 v3.1.5b (3.1.5b)
\pgfsyssoftpath@smallbuffer@items=\count268
\pgfsyssoftpath@bigbuffer@items=\count269
)
(D:\Users\LeeHoang\AppData\Local\Programs\MiKTeX\tex/generic/pgf/systemlayer\pg
fsysprotocol.code.tex
File: pgfsysprotocol.code.tex 2020/01/08 v3.1.5b (3.1.5b)
))
(D:\Users\LeeHoang\AppData\Local\Programs\MiKTeX\tex/latex/xcolor\xcolor.sty
Package: xcolor 2016/05/11 v2.12 LaTeX color extensions (UK)

(D:\Users\LeeHoang\AppData\Local\Programs\MiKTeX\tex/latex/graphics-cfg\color.c
fg
File: color.cfg 2016/01/02 v1.6 sample color configuration
)
Package xcolor Info: Driver file: pdftex.def on input line 225.
LaTeX Info: Redefining \color on input line 709.
Package xcolor Info: Model `cmy' substituted by `cmy0' on input line 1348.
Package xcolor Info: Model `hsb' substituted by `rgb' on input line 1352.
Package xcolor Info: Model `RGB' extended on input line 1364.
Package xcolor Info: Model `HTML' substituted by `rgb' on input line 1366.
Package xcolor Info: Model `Hsb' substituted by `hsb' on input line 1367.
Package xcolor Info: Model `tHsb' substituted by `hsb' on input line 1368.
Package xcolor Info: Model `HSB' substituted by `hsb' on input line 1369.
Package xcolor Info: Model `Gray' substituted by `gray' on input line 1370.
Package xcolor Info: Model `wave' substituted by `hsb' on input line 1371.
)
(D:\Users\LeeHoang\AppData\Local\Programs\MiKTeX\tex/generic/pgf/basiclayer\pgf
core.code.tex
Package: pgfcore 2020/01/08 v3.1.5b (3.1.5b)

(D:\Users\LeeHoang\AppData\Local\Programs\MiKTeX\tex/generic/pgf/math\pgfmath.c
ode.tex
(D:\Users\LeeHoang\AppData\Local\Programs\MiKTeX\tex/generic/pgf/math\pgfmathca
lc.code.tex
(D:\Users\LeeHoang\AppData\Local\Programs\MiKTeX\tex/generic/pgf/math\pgfmathut
il.code.tex)
(D:\Users\LeeHoang\AppData\Local\Programs\MiKTeX\tex/generic/pgf/math\pgfmathpa
rser.code.tex
\pgfmath@dimen=\dimen170
\pgfmath@count=\count270
\pgfmath@box=\box52
\pgfmath@toks=\toks30
\pgfmath@stack@operand=\toks31
\pgfmath@stack@operation=\toks32
)
(D:\Users\LeeHoang\AppData\Local\Programs\MiKTeX\tex/generic/pgf/math\pgfmathfu
nctions.code.tex
(D:\Users\LeeHoang\AppData\Local\Programs\MiKTeX\tex/generic/pgf/math\pgfmathfu
nctions.basic.code.tex)
(D:\Users\LeeHoang\AppData\Local\Programs\MiKTeX\tex/generic/pgf/math\pgfmathfu
nctions.trigonometric.code.tex)
(D:\Users\LeeHoang\AppData\Local\Programs\MiKTeX\tex/generic/pgf/math\pgfmathfu
nctions.random.code.tex)
(D:\Users\LeeHoang\AppData\Local\Programs\MiKTeX\tex/generic/pgf/math\pgfmathfu
nctions.comparison.code.tex)
(D:\Users\LeeHoang\AppData\Local\Programs\MiKTeX\tex/generic/pgf/math\pgfmathfu
nctions.base.code.tex)
(D:\Users\LeeHoang\AppData\Local\Programs\MiKTeX\tex/generic/pgf/math\pgfmathfu
nctions.round.code.tex)
(D:\Users\LeeHoang\AppData\Local\Programs\MiKTeX\tex/generic/pgf/math\pgfmathfu
nctions.misc.code.tex)
(D:\Users\LeeHoang\AppData\Local\Programs\MiKTeX\tex/generic/pgf/math\pgfmathfu
nctions.integerarithmetics.code.tex)))
(D:\Users\LeeHoang\AppData\Local\Programs\MiKTeX\tex/generic/pgf/math\pgfmathfl
oat.code.tex
\c@pgfmathroundto@lastzeros=\count271
))
(D:\Users\LeeHoang\AppData\Local\Programs\MiKTeX\tex/generic/pgf/math\pgfint.co
de.tex)
(D:\Users\LeeHoang\AppData\Local\Programs\MiKTeX\tex/generic/pgf/basiclayer\pgf
corepoints.code.tex
File: pgfcorepoints.code.tex 2020/01/08 v3.1.5b (3.1.5b)
\pgf@picminx=\dimen171
\pgf@picmaxx=\dimen172
\pgf@picminy=\dimen173
\pgf@picmaxy=\dimen174
\pgf@pathminx=\dimen175
\pgf@pathmaxx=\dimen176
\pgf@pathminy=\dimen177
\pgf@pathmaxy=\dimen178
\pgf@xx=\dimen179
\pgf@xy=\dimen180
\pgf@yx=\dimen181
\pgf@yy=\dimen182
\pgf@zx=\dimen183
\pgf@zy=\dimen184
)
(D:\Users\LeeHoang\AppData\Local\Programs\MiKTeX\tex/generic/pgf/basiclayer\pgf
corepathconstruct.code.tex
File: pgfcorepathconstruct.code.tex 2020/01/08 v3.1.5b (3.1.5b)
\pgf@path@lastx=\dimen185
\pgf@path@lasty=\dimen186
)
(D:\Users\LeeHoang\AppData\Local\Programs\MiKTeX\tex/generic/pgf/basiclayer\pgf
corepathusage.code.tex
File: pgfcorepathusage.code.tex 2020/01/08 v3.1.5b (3.1.5b)
\pgf@shorten@end@additional=\dimen187
\pgf@shorten@start@additional=\dimen188
)
(D:\Users\LeeHoang\AppData\Local\Programs\MiKTeX\tex/generic/pgf/basiclayer\pgf
corescopes.code.tex
File: pgfcorescopes.code.tex 2020/01/08 v3.1.5b (3.1.5b)
\pgfpic=\box53
\pgf@hbox=\box54
\pgf@layerbox@main=\box55
\pgf@picture@serial@count=\count272
)
(D:\Users\LeeHoang\AppData\Local\Programs\MiKTeX\tex/generic/pgf/basiclayer\pgf
coregraphicstate.code.tex
File: pgfcoregraphicstate.code.tex 2020/01/08 v3.1.5b (3.1.5b)
\pgflinewidth=\dimen189
)
(D:\Users\LeeHoang\AppData\Local\Programs\MiKTeX\tex/generic/pgf/basiclayer\pgf
coretransformations.code.tex
File: pgfcoretransformations.code.tex 2020/01/08 v3.1.5b (3.1.5b)
\pgf@pt@x=\dimen190
\pgf@pt@y=\dimen191
\pgf@pt@temp=\dimen192
)
(D:\Users\LeeHoang\AppData\Local\Programs\MiKTeX\tex/generic/pgf/basiclayer\pgf
corequick.code.tex
File: pgfcorequick.code.tex 2020/01/08 v3.1.5b (3.1.5b)
)
(D:\Users\LeeHoang\AppData\Local\Programs\MiKTeX\tex/generic/pgf/basiclayer\pgf
coreobjects.code.tex
File: pgfcoreobjects.code.tex 2020/01/08 v3.1.5b (3.1.5b)
)
(D:\Users\LeeHoang\AppData\Local\Programs\MiKTeX\tex/generic/pgf/basiclayer\pgf
corepathprocessing.code.tex
File: pgfcorepathprocessing.code.tex 2020/01/08 v3.1.5b (3.1.5b)
)
(D:\Users\LeeHoang\AppData\Local\Programs\MiKTeX\tex/generic/pgf/basiclayer\pgf
corearrows.code.tex
File: pgfcorearrows.code.tex 2020/01/08 v3.1.5b (3.1.5b)
\pgfarrowsep=\dimen193
)
(D:\Users\LeeHoang\AppData\Local\Programs\MiKTeX\tex/generic/pgf/basiclayer\pgf
coreshade.code.tex
File: pgfcoreshade.code.tex 2020/01/08 v3.1.5b (3.1.5b)
\pgf@max=\dimen194
\pgf@sys@shading@range@num=\count273
\pgf@shadingcount=\count274
)
(D:\Users\LeeHoang\AppData\Local\Programs\MiKTeX\tex/generic/pgf/basiclayer\pgf
coreimage.code.tex
File: pgfcoreimage.code.tex 2020/01/08 v3.1.5b (3.1.5b)

(D:\Users\LeeHoang\AppData\Local\Programs\MiKTeX\tex/generic/pgf/basiclayer\pgf
coreexternal.code.tex
File: pgfcoreexternal.code.tex 2020/01/08 v3.1.5b (3.1.5b)
\pgfexternal@startupbox=\box56
))
(D:\Users\LeeHoang\AppData\Local\Programs\MiKTeX\tex/generic/pgf/basiclayer\pgf
corelayers.code.tex
File: pgfcorelayers.code.tex 2020/01/08 v3.1.5b (3.1.5b)
)
(D:\Users\LeeHoang\AppData\Local\Programs\MiKTeX\tex/generic/pgf/basiclayer\pgf
coretransparency.code.tex
File: pgfcoretransparency.code.tex 2020/01/08 v3.1.5b (3.1.5b)
)
(D:\Users\LeeHoang\AppData\Local\Programs\MiKTeX\tex/generic/pgf/basiclayer\pgf
corepatterns.code.tex
File: pgfcorepatterns.code.tex 2020/01/08 v3.1.5b (3.1.5b)
)
(D:\Users\LeeHoang\AppData\Local\Programs\MiKTeX\tex/generic/pgf/basiclayer\pgf
corerdf.code.tex
File: pgfcorerdf.code.tex 2020/01/08 v3.1.5b (3.1.5b)
)))
(D:\Users\LeeHoang\AppData\Local\Programs\MiKTeX\tex/generic/pgf/modules\pgfmod
uleshapes.code.tex
File: pgfmoduleshapes.code.tex 2020/01/08 v3.1.5b (3.1.5b)
\pgfnodeparttextbox=\box57
)
(D:\Users\LeeHoang\AppData\Local\Programs\MiKTeX\tex/generic/pgf/modules\pgfmod
uleplot.code.tex
File: pgfmoduleplot.code.tex 2020/01/08 v3.1.5b (3.1.5b)
)
(D:\Users\LeeHoang\AppData\Local\Programs\MiKTeX\tex/latex/pgf/compatibility\pg
fcomp-version-0-65.sty
Package: pgfcomp-version-0-65 2020/01/08 v3.1.5b (3.1.5b)
\pgf@nodesepstart=\dimen195
\pgf@nodesepend=\dimen196
)
(D:\Users\LeeHoang\AppData\Local\Programs\MiKTeX\tex/latex/pgf/compatibility\pg
fcomp-version-1-18.sty
Package: pgfcomp-version-1-18 2020/01/08 v3.1.5b (3.1.5b)
))
(D:\Users\LeeHoang\AppData\Local\Programs\MiKTeX\tex/latex/pgf/utilities\pgffor
.sty
(D:\Users\LeeHoang\AppData\Local\Programs\MiKTeX\tex/latex/pgf/utilities\pgfkey
s.sty
(D:\Users\LeeHoang\AppData\Local\Programs\MiKTeX\tex/generic/pgf/utilities\pgfk
eys.code.tex))
(D:\Users\LeeHoang\AppData\Local\Programs\MiKTeX\tex/latex/pgf/math\pgfmath.sty

(D:\Users\LeeHoang\AppData\Local\Programs\MiKTeX\tex/generic/pgf/math\pgfmath.c
ode.tex))
(D:\Users\LeeHoang\AppData\Local\Programs\MiKTeX\tex/generic/pgf/utilities\pgff
or.code.tex
Package: pgffor 2020/01/08 v3.1.5b (3.1.5b)

(D:\Users\LeeHoang\AppData\Local\Programs\MiKTeX\tex/generic/pgf/math\pgfmath.c
ode.tex)
\pgffor@iter=\dimen197
\pgffor@skip=\dimen198
\pgffor@stack=\toks33
\pgffor@toks=\toks34
))
(D:\Users\LeeHoang\AppData\Local\Programs\MiKTeX\tex/generic/pgf/frontendlayer/
tikz\tikz.code.tex
Package: tikz 2020/01/08 v3.1.5b (3.1.5b)

(D:\Users\LeeHoang\AppData\Local\Programs\MiKTeX\tex/generic/pgf/libraries\pgfl
ibraryplothandlers.code.tex
File: pgflibraryplothandlers.code.tex 2020/01/08 v3.1.5b (3.1.5b)
\pgf@plot@mark@count=\count275
\pgfplotmarksize=\dimen199
)
\tikz@lastx=\dimen256
\tikz@lasty=\dimen257
\tikz@lastxsaved=\dimen258
\tikz@lastysaved=\dimen259
\tikz@lastmovetox=\dimen260
\tikz@lastmovetoy=\dimen261
\tikzleveldistance=\dimen262
\tikzsiblingdistance=\dimen263
\tikz@figbox=\box58
\tikz@figbox@bg=\box59
\tikz@tempbox=\box60
\tikz@tempbox@bg=\box61
\tikztreelevel=\count276
\tikznumberofchildren=\count277
\tikznumberofcurrentchild=\count278
\tikz@fig@count=\count279

(D:\Users\LeeHoang\AppData\Local\Programs\MiKTeX\tex/generic/pgf/modules\pgfmod
ulematrix.code.tex
File: pgfmodulematrix.code.tex 2020/01/08 v3.1.5b (3.1.5b)
\pgfmatrixcurrentrow=\count280
\pgfmatrixcurrentcolumn=\count281
\pgf@matrix@numberofcolumns=\count282
)
\tikz@expandcount=\count283

(D:\Users\LeeHoang\AppData\Local\Programs\MiKTeX\tex/generic/pgf/frontendlayer/
tikz/libraries\tikzlibrarytopaths.code.tex
File: tikzlibrarytopaths.code.tex 2020/01/08 v3.1.5b (3.1.5b)
)))
(D:\Users\LeeHoang\AppData\Local\Programs\MiKTeX\tex/generic/chemfig\chemfig.te
x
(D:\Users\LeeHoang\AppData\Local\Programs\MiKTeX\tex/generic/simplekv\simplekv.
tex
Package: simplekv 2020/04/27 v0.2 Simple keyval package (CT)
)
(D:\Users\LeeHoang\AppData\Local\Programs\MiKTeX\tex/generic/pgf/libraries\pgfl
ibraryarrows.meta.code.tex
File: pgflibraryarrows.meta.code.tex 2020/01/08 v3.1.5b (3.1.5b)
\pgfarrowinset=\dimen264
\pgfarrowlength=\dimen265
\pgfarrowwidth=\dimen266
\pgfarrowlinewidth=\dimen267
)
\CF_cntatomgroup=\count284
\CF_cntgroup=\count285
\CF_cntatom=\count286
\CF_cntcycle=\count287
\CF_cntcyclebonds=\count288
\CF_cntcompound=\count289
\CF_dim=\dimen268
\CF_arrowsize=\dimen269
\CF_zero=\dimen270
\CF_boxlewis=\box62
\CF_box=\box63
\CF_boxstuff=\box64
\CF_testbox=\box65
\CF_chargebox=\box66
\CF_substtoks=\toks35
)
Package: chemfig 2020/07/13 v1.56 Draw molecule with an easy syntax (CT)
)
(D:\Users\LeeHoang\AppData\Local\Programs\MiKTeX\tex/latex/csvsimple\csvsimple.
sty
Package: csvsimple 2019/04/09 version 1.21 LaTeX CSV file processing
 (D:\Users\LeeHoang\AppData\Local\Programs\MiKTeX\tex/latex/base\ifthen.sty
Package: ifthen 2014/09/29 v1.1c Standard LaTeX ifthen package (DPC)
)
(D:\Users\LeeHoang\AppData\Local\Programs\MiKTeX\tex/latex/etoolbox\etoolbox.st
y
Package: etoolbox 2019/09/21 v2.5h e-TeX tools for LaTeX (JAW)
\etb@tempcnta=\count290
)
(D:\Users\LeeHoang\AppData\Local\Programs\MiKTeX\tex/latex/tools\shellesc.sty
Package: shellesc 2019/11/08 v1.0c unified shell escape interface for LaTeX
Package shellesc Info: Restricted shell escape enabled on input line 77.
)
\csv@file=\read3
\c@csvinputline=\count291
\c@csvrow=\count292
\c@csvcol=\count293
\csv@out=\write4
)
(D:\Users\LeeHoang\AppData\Local\Programs\MiKTeX\tex/latex/geometry\geometry.st
y
Package: geometry 2020/01/02 v5.9 Page Geometry
 (D:\Users\LeeHoang\AppData\Local\Programs\MiKTeX\tex/generic/iftex\ifvtex.sty
Package: ifvtex 2019/10/25 v1.7 ifvtex legacy package. Use iftex instead.
(D:\Users\LeeHoang\AppData\Local\Programs\MiKTeX\tex/generic/iftex\iftex.sty
Package: iftex 2020/03/06 v1.0d TeX engine tests
))
\Gm@cnth=\count294
\Gm@cntv=\count295
\c@Gm@tempcnt=\count296
\Gm@bindingoffset=\dimen271
\Gm@wd@mp=\dimen272
\Gm@odd@mp=\dimen273
\Gm@even@mp=\dimen274
\Gm@layoutwidth=\dimen275
\Gm@layoutheight=\dimen276
\Gm@layouthoffset=\dimen277
\Gm@layoutvoffset=\dimen278
\Gm@dimlist=\toks36

(D:\Users\LeeHoang\AppData\Local\Programs\MiKTeX\tex/latex/geometry\geometry.cf
g))
(D:\Users\LeeHoang\AppData\Local\Programs\MiKTeX\tex/latex/sectsty\sectsty.sty
Package: sectsty 2002/02/25 v2.0.2 Commands to change all sectional heading sty
les


LaTeX Warning: Command \underbar  has changed.
               Check if current package is valid.


LaTeX Warning: Command \underline  has changed.
               Check if current package is valid.

) (report.aux)
\openout1 = `report.aux'.

LaTeX Font Info:    Checking defaults for OML/cmm/m/it on input line 13.
LaTeX Font Info:    ... okay on input line 13.
LaTeX Font Info:    Checking defaults for OMS/cmsy/m/n on input line 13.
LaTeX Font Info:    ... okay on input line 13.
LaTeX Font Info:    Checking defaults for OT1/cmr/m/n on input line 13.
LaTeX Font Info:    ... okay on input line 13.
LaTeX Font Info:    Checking defaults for T1/cmr/m/n on input line 13.
LaTeX Font Info:    ... okay on input line 13.
LaTeX Font Info:    Checking defaults for TS1/cmr/m/n on input line 13.
LaTeX Font Info:    ... okay on input line 13.
LaTeX Font Info:    Checking defaults for OMX/cmex/m/n on input line 13.
LaTeX Font Info:    ... okay on input line 13.
LaTeX Font Info:    Checking defaults for U/cmr/m/n on input line 13.
LaTeX Font Info:    ... okay on input line 13.

(D:\Users\LeeHoang\AppData\Local\Programs\MiKTeX\tex/context/base/mkii\supp-pdf
.mkii
[Loading MPS to PDF converter (version 2006.09.02).]
\scratchcounter=\count297
\scratchdimen=\dimen279
\scratchbox=\box67
\nofMPsegments=\count298
\nofMParguments=\count299
\everyMPshowfont=\toks37
\MPscratchCnt=\count300
\MPscratchDim=\dimen280
\MPnumerator=\count301
\makeMPintoPDFobject=\count302
\everyMPtoPDFconversion=\toks38
)
(D:\Users\LeeHoang\AppData\Local\Programs\MiKTeX\tex/latex/epstopdf-pkg\epstopd
f-base.sty
Package: epstopdf-base 2020-01-24 v2.11 Base part for package epstopdf
Package epstopdf-base Info: Redefining graphics rule for `.eps' on input line 4
85.
) ABD: EveryShipout initializing macros
*geometry* driver: auto-detecting
*geometry* detected driver: pdftex
*geometry* verbose mode - [ preamble ] result:
* driver: pdftex
* paper: <default>
* layout: <same size as paper>
* layoutoffset:(h,v)=(0.0pt,0.0pt)
* modes: 
* h-part:(L,W,R)=(85.35826pt, 443.57848pt, 85.35826pt)
* v-part:(T,H,B)=(42.67912pt, 681.15898pt, 71.13188pt)
* \paperwidth=614.295pt
* \paperheight=794.96999pt
* \textwidth=443.57848pt
* \textheight=681.15898pt
* \oddsidemargin=13.08827pt
* \evensidemargin=13.08827pt
* \topmargin=-29.59087pt
* \headheight=0.0pt
* \headsep=0.0pt
* \topskip=12.0pt
* \footskip=30.0pt
* \marginparwidth=44.0pt
* \marginparsep=10.0pt
* \columnsep=10.0pt
* \skip\footins=10.8pt plus 4.0pt minus 2.0pt
* \hoffset=0.0pt
* \voffset=0.0pt
* \mag=1000
* \@twocolumnfalse
* \@twosidefalse
* \@mparswitchfalse
* \@reversemarginfalse
* (1in=72.27pt=25.4mm, 1cm=28.453pt)

[1

{C:/Users/LeeHoang/AppData/Local/MiKTeX/pdftex/config/pdftex.map}]
(report.toc [1

])
\tf@toc=\write5
\openout5 = `report.toc'.

 [2] [3

]
Chapter 1.
[4

] [5]
Chapter 2.

Underfull \hbox (badness 10000) in paragraph at lines 123--123
[]|\OT1/cmr/m/n/12 Output
 []


Underfull \hbox (badness 10000) in paragraph at lines 129--129
[]|\OT1/cmr/m/n/12 Appendix
 []


Underfull \hbox (badness 10000) in paragraph at lines 141--141
[]|\OT1/cmr/m/n/12 Output
 []


Underfull \hbox (badness 10000) in paragraph at lines 147--147
[]|\OT1/cmr/m/n/12 Appendix
 []


Underfull \hbox (badness 10000) in paragraph at lines 149--150
[]\OT1/cmr/m/n/12 https://github.com/lhoang247/Individual-
 []

[6

]
Underfull \hbox (badness 10000) in paragraph at lines 161--161
[]|\OT1/cmr/m/n/12 Output
 []


Underfull \hbox (badness 10000) in paragraph at lines 167--167
[]|\OT1/cmr/m/n/12 Appendix
 []


Underfull \hbox (badness 10000) in paragraph at lines 169--170
[]\OT1/cmr/m/n/12 https://github.com/lhoang247/Individual-
 []


Overfull \hbox (9.1733pt too wide) in paragraph at lines 173--173
[]\OT1/cmr/bx/n/17.28 Demonstration video/presentation of sys-tem and
 []


Underfull \hbox (badness 10000) in paragraph at lines 179--179
[]|\OT1/cmr/m/n/12 Output
 []


Underfull \hbox (badness 10000) in paragraph at lines 185--185
[]|\OT1/cmr/m/n/12 Appendix
 []


Underfull \hbox (badness 10000) in paragraph at lines 195--195
[]|\OT1/cmr/m/n/12 Output
 []


Underfull \hbox (badness 10000) in paragraph at lines 201--201
[]|\OT1/cmr/m/n/12 Appendix
 []

[7]
Chapter 3.
[8

]
<./images/weights and biases.png, id=35, 511.9125pt x 206.57175pt>
File: ./images/weights and biases.png Graphic file (type png)
<use ./images/weights and biases.png>
Package pdftex.def Info: ./images/weights and biases.png  used on input line 23
4.
(pdftex.def)             Requested size: 284.52756pt x 114.81572pt.
 [9 <./images/weights and biases.png>] [10]
Chapter 4.
[11

] [12] [13]
Underfull \hbox (badness 10000) in paragraph at lines 376--376
[]|\OT1/cmr/m/n/10 Image/video
 []


Underfull \hbox (badness 5105) in paragraph at lines 376--376
[]|\OT1/cmr/m/n/10 Start time
 []


Underfull \hbox (badness 1478) in paragraph at lines 384--385
[]|\OT1/cmr/m/n/10 Two peo-ple stand-ing next to
 []


Underfull \hbox (badness 3009) in paragraph at lines 398--399
[]|\OT1/cmr/m/n/10 Two peo-ple walk-ing to-gether
 []

[14]
<./images/system design.jpg, id=56, 1727.45375pt x 1365.1pt>
File: ./images/system design.jpg Graphic file (type jpg)
<use ./images/system design.jpg>
Package pdftex.def Info: ./images/system design.jpg  used on input line 425.
(pdftex.def)             Requested size: 483.69684pt x 382.2254pt.

Overfull \hbox (40.11836pt too wide) in paragraph at lines 425--427
 [][] 
 []

[15 <./images/system design.jpg>]
Overfull \hbox (0.3058pt too wide) in paragraph at lines 448--449
\OT1/cmr/m/n/12 trans-forms a quadri-lat-eral in an im-age that is marked with 
4 points to a square/rectangle
 []

[16]
Chapter 5.
<./images/appendix/ConfidencePlot.PNG, id=63, 425.33907pt x 344.78813pt>
File: ./images/appendix/ConfidencePlot.PNG Graphic file (type png)
<use ./images/appendix/ConfidencePlot.PNG>
Package pdftex.def Info: ./images/appendix/ConfidencePlot.PNG  used on input li
ne 487.
(pdftex.def)             Requested size: 213.39566pt x 172.98286pt.
<./images/zeroConfidence.PNG, id=65, 773.89125pt x 507.39563pt>
File: ./images/zeroConfidence.PNG Graphic file (type png)
<use ./images/zeroConfidence.PNG>
Package pdftex.def Info: ./images/zeroConfidence.PNG  used on input line 488.
(pdftex.def)             Requested size: 213.39566pt x 139.90973pt.
[17

] [18 <./images/appendix/ConfidencePlot.PNG> <./images/zeroConfidence.PNG>]
<./images/image45050.PNG, id=75, 773.89125pt x 504.38437pt>
File: ./images/image45050.PNG Graphic file (type png)
<use ./images/image45050.PNG>
Package pdftex.def Info: ./images/image45050.PNG  used on input line 545.
(pdftex.def)             Requested size: 184.9429pt x 120.53137pt.
<./images/appendix/imageAugment720pSandP.PNG, id=76, 774.64406pt x 505.13719pt>

File: ./images/appendix/imageAugment720pSandP.PNG Graphic file (type png)
<use ./images/appendix/imageAugment720pSandP.PNG>
Package pdftex.def Info: ./images/appendix/imageAugment720pSandP.PNG  used on i
nput line 546.
(pdftex.def)             Requested size: 184.9429pt x 120.59566pt.

[19]
<./images/appendix/imageAugment0.4SandP.PNG, id=80, 773.89125pt x 505.89pt>
File: ./images/appendix/imageAugment0.4SandP.PNG Graphic file (type png)
<use ./images/appendix/imageAugment0.4SandP.PNG>
Package pdftex.def Info: ./images/appendix/imageAugment0.4SandP.PNG  used on in
put line 550.
(pdftex.def)             Requested size: 184.9429pt x 120.89116pt.
<./images/appendix/imageAugment0.5SandP.PNG, id=81, 773.89125pt x 503.63156pt>
File: ./images/appendix/imageAugment0.5SandP.PNG Graphic file (type png)
<use ./images/appendix/imageAugment0.5SandP.PNG>
Package pdftex.def Info: ./images/appendix/imageAugment0.5SandP.PNG  used on in
put line 551.
(pdftex.def)             Requested size: 184.9429pt x 120.35147pt.
 [20 <./images/image45050.PNG> <./images/appendix/imageAugment720pSandP.PNG> <.
/images/appendix/imageAugment0.4SandP.PNG> <./images/appendix/imageAugment0.5Sa
ndP.PNG>]
<./images/appendix/test1.JPG, id=89, 774.64406pt x 504.38437pt>
File: ./images/appendix/test1.JPG Graphic file (type jpg)
<use ./images/appendix/test1.JPG>
Package pdftex.def Info: ./images/appendix/test1.JPG  used on input line 593.
(pdftex.def)             Requested size: 184.9429pt x 120.41592pt.
 [21 <./images/appendix/test1.JPG>]
<./images/appendix/BoundingBoxBottom.JPG, id=95, 774.64406pt x 505.13719pt>
File: ./images/appendix/BoundingBoxBottom.JPG Graphic file (type jpg)
<use ./images/appendix/BoundingBoxBottom.JPG>
Package pdftex.def Info: ./images/appendix/BoundingBoxBottom.JPG  used on input
 line 607.
(pdftex.def)             Requested size: 227.62204pt x 148.42839pt.
 [22 <./images/appendix/BoundingBoxBottom.JPG>]
<./images/appendix/PerspectiveSolution1.JPG, id=100, 773.13844pt x 505.89pt>
File: ./images/appendix/PerspectiveSolution1.JPG Graphic file (type jpg)
<use ./images/appendix/PerspectiveSolution1.JPG>
Package pdftex.def Info: ./images/appendix/PerspectiveSolution1.JPG  used on in
put line 631.
(pdftex.def)             Requested size: 227.62204pt x 148.9352pt.
<./images/appendix/BeforeThresholdScale.JPG, id=101, 773.89125pt x 504.38437pt>

File: ./images/appendix/BeforeThresholdScale.JPG Graphic file (type jpg)
<use ./images/appendix/BeforeThresholdScale.JPG>
Package pdftex.def Info: ./images/appendix/BeforeThresholdScale.JPG  used on in
put line 653.
(pdftex.def)             Requested size: 184.9429pt x 120.53137pt.
<./images/appendix/AfterThresholdScale.JPG, id=102, 773.13844pt x 504.38437pt>
File: ./images/appendix/AfterThresholdScale.JPG Graphic file (type jpg)
<use ./images/appendix/AfterThresholdScale.JPG>
Package pdftex.def Info: ./images/appendix/AfterThresholdScale.JPG  used on inp
ut line 654.
(pdftex.def)             Requested size: 184.9429pt x 120.65451pt.
 [23 <./images/appendix/PerspectiveSolution1.JPG>]
<./images/appendix/AfterThresholdScale40.JPG, id=106, 773.89125pt x 505.13719pt
>
File: ./images/appendix/AfterThresholdScale40.JPG Graphic file (type jpg)
<use ./images/appendix/AfterThresholdScale40.JPG>
Package pdftex.def Info: ./images/appendix/AfterThresholdScale40.JPG  used on i
nput line 656.
(pdftex.def)             Requested size: 184.9429pt x 120.71127pt.
<./images/appendix/AfterThresholdScale50.JPG, id=107, 773.13844pt x 503.63156pt
>
File: ./images/appendix/AfterThresholdScale50.JPG Graphic file (type jpg)
<use ./images/appendix/AfterThresholdScale50.JPG>
Package pdftex.def Info: ./images/appendix/AfterThresholdScale50.JPG  used on i
nput line 657.
(pdftex.def)             Requested size: 184.9429pt x 120.47443pt.
 [24 <./images/appendix/BeforeThresholdScale.JPG> <./images/appendix/AfterThres
holdScale.JPG> <./images/appendix/AfterThresholdScale40.JPG> <./images/appendix
/AfterThresholdScale50.JPG>]
<./images/appendix/QuadSelected.JPG, id=112, 1001.99344pt x 590.95781pt>
File: ./images/appendix/QuadSelected.JPG Graphic file (type jpg)
<use ./images/appendix/QuadSelected.JPG>
Package pdftex.def Info: ./images/appendix/QuadSelected.JPG  used on input line
 683.
(pdftex.def)             Requested size: 227.62204pt x 134.24022pt.
<./images/appendix/ConcatenateImages.JPG, id=113, 1281.28688pt x 503.63156pt>
File: ./images/appendix/ConcatenateImages.JPG Graphic file (type jpg)
<use ./images/appendix/ConcatenateImages.JPG>
Package pdftex.def Info: ./images/appendix/ConcatenateImages.JPG  used on input
 line 716.
(pdftex.def)             Requested size: 341.43306pt x 134.19946pt.
 [25 <./images/appendix/QuadSelected.JPG> <./images/appendix/ConcatenateImages.
JPG>]
<./images/appendix/MatrixTransExample3.JPG, id=119, 1280.53406pt x 502.87875pt>

File: ./images/appendix/MatrixTransExample3.JPG Graphic file (type jpg)
<use ./images/appendix/MatrixTransExample3.JPG>
Package pdftex.def Info: ./images/appendix/MatrixTransExample3.JPG  used on inp
ut line 729.
(pdftex.def)             Requested size: 369.88582pt x 145.2556pt.
 [26 <./images/appendix/MatrixTransExample3.JPG>]
<./images/appendix/UndistortedImageWithMatrixTransformation.JPG, id=123, 1281.2
8688pt x 504.38437pt>
File: ./images/appendix/UndistortedImageWithMatrixTransformation.JPG Graphic fi
le (type jpg)
<use ./images/appendix/UndistortedImageWithMatrixTransformation.JPG>
Package pdftex.def Info: ./images/appendix/UndistortedImageWithMatrixTransforma
tion.JPG  used on input line 755.
(pdftex.def)             Requested size: 369.88582pt x 145.60583pt.
 [27 <./images/appendix/UndistortedImageWithMatrixTransformation.JPG>] [28]
<./images/appendix/HomographyMapping.JPG, id=131, 1351.29843pt x 509.65407pt>
File: ./images/appendix/HomographyMapping.JPG Graphic file (type jpg)
<use ./images/appendix/HomographyMapping.JPG>
Package pdftex.def Info: ./images/appendix/HomographyMapping.JPG  used on input
 line 880.
(pdftex.def)             Requested size: 426.79134pt x 160.96959pt.
<./images/appendix/HomographyExample1.JPG, id=132, 905.63344pt x 505.89pt>
File: ./images/appendix/HomographyExample1.JPG Graphic file (type jpg)
<use ./images/appendix/HomographyExample1.JPG>
Package pdftex.def Info: ./images/appendix/HomographyExample1.JPG  used on inpu
t line 893.
(pdftex.def)             Requested size: 184.9429pt x 103.30672pt.
<./images/appendix/HomographyExample2.JPG, id=133, 905.63344pt x 505.89pt>
File: ./images/appendix/HomographyExample2.JPG Graphic file (type jpg)
<use ./images/appendix/HomographyExample2.JPG>
Package pdftex.def Info: ./images/appendix/HomographyExample2.JPG  used on inpu
t line 894.
(pdftex.def)             Requested size: 184.9429pt x 103.30672pt.
 [29 <./images/appendix/HomographyMapping.JPG> <./images/appendix/HomographyExa
mple1.JPG> <./images/appendix/HomographyExample2.JPG>]
<./images/appendix/EstimatedHomographyP.JPG, id=137, 1357.32094pt x 505.13719pt
>
File: ./images/appendix/EstimatedHomographyP.JPG Graphic file (type jpg)
<use ./images/appendix/EstimatedHomographyP.JPG>
Package pdftex.def Info: ./images/appendix/EstimatedHomographyP.JPG  used on in
put line 913.
(pdftex.def)             Requested size: 426.79134pt x 158.83386pt.
 [30 <./images/appendix/EstimatedHomographyP.JPG>]
<./images/appendix/BlackBoxMatrixTransformation.JPG, id=142, 1282.7925pt x 502.
87875pt>
File: ./images/appendix/BlackBoxMatrixTransformation.JPG Graphic file (type jpg
)
<use ./images/appendix/BlackBoxMatrixTransformation.JPG>
Package pdftex.def Info: ./images/appendix/BlackBoxMatrixTransformation.JPG  us
ed on input line 942.
(pdftex.def)             Requested size: 426.79134pt x 167.30867pt.
<./images/appendix/Stable.JPG, id=143, 1282.03969pt x 503.63156pt>
File: ./images/appendix/Stable.JPG Graphic file (type jpg)
<use ./images/appendix/Stable.JPG>
Package pdftex.def Info: ./images/appendix/Stable.JPG  used on input line 958.
(pdftex.def)             Requested size: 426.79134pt x 167.65903pt.
 [31 <./images/appendix/BlackBoxMatrixTransformation.JPG>] [32 <./images/append
ix/Stable.JPG>]
<./images/appendix/Key1.JPG, id=150, 905.63344pt x 506.6428pt>
File: ./images/appendix/Key1.JPG Graphic file (type jpg)
<use ./images/appendix/Key1.JPG>
Package pdftex.def Info: ./images/appendix/Key1.JPG  used on input line 983.
(pdftex.def)             Requested size: 184.9429pt x 103.46045pt.
<./images/appendix/Key2.JPG, id=151, 906.38625pt x 506.6428pt>
File: ./images/appendix/Key2.JPG Graphic file (type jpg)
<use ./images/appendix/Key2.JPG>
Package pdftex.def Info: ./images/appendix/Key2.JPG  used on input line 984.
(pdftex.def)             Requested size: 184.9429pt x 103.37541pt.
<./images/appendix/Linked.JPG, id=152, 1128.46594pt x 67.75313pt>
File: ./images/appendix/Linked.JPG Graphic file (type jpg)
<use ./images/appendix/Linked.JPG>
Package pdftex.def Info: ./images/appendix/Linked.JPG  used on input line 992.
(pdftex.def)             Requested size: 426.79134pt x 25.62445pt.
<./images/appendix/Groups1.JPG, id=153, 904.88063pt x 502.87875pt>
File: ./images/appendix/Groups1.JPG Graphic file (type jpg)
<use ./images/appendix/Groups1.JPG>
Package pdftex.def Info: ./images/appendix/Groups1.JPG  used on input line 1000
.
(pdftex.def)             Requested size: 184.9429pt x 102.7762pt.
<./images/appendix/Groups2.JPG, id=154, 904.88063pt x 499.8675pt>
File: ./images/appendix/Groups2.JPG Graphic file (type jpg)
<use ./images/appendix/Groups2.JPG>
Package pdftex.def Info: ./images/appendix/Groups2.JPG  used on input line 1001
.
(pdftex.def)             Requested size: 184.9429pt x 102.16077pt.
<./images/appendix/GroupZone.JPG, id=155, 904.1278pt x 500.62032pt>
File: ./images/appendix/GroupZone.JPG Graphic file (type jpg)
<use ./images/appendix/GroupZone.JPG>
Package pdftex.def Info: ./images/appendix/GroupZone.JPG  used on input line 10
09.
(pdftex.def)             Requested size: 184.9429pt x 102.39865pt.
 [33 <./images/appendix/Key1.JPG> <./images/appendix/Key2.JPG> <./images/append
ix/Linked.JPG> <./images/appendix/Groups1.JPG> <./images/appendix/Groups2.JPG>]
<./images/appendix/AddingGroups.JPG, id=159, 904.1278pt x 499.11469pt>
File: ./images/appendix/AddingGroups.JPG Graphic file (type jpg)
<use ./images/appendix/AddingGroups.JPG>
Package pdftex.def Info: ./images/appendix/AddingGroups.JPG  used on input line
 1017.
(pdftex.def)             Requested size: 184.9429pt x 102.09068pt.
<./images/appendix/AddingGroups2.JPG, id=160, 905.63344pt x 505.13719pt>
File: ./images/appendix/AddingGroups2.JPG Graphic file (type jpg)
<use ./images/appendix/AddingGroups2.JPG>
Package pdftex.def Info: ./images/appendix/AddingGroups2.JPG  used on input lin
e 1018.
(pdftex.def)             Requested size: 184.9429pt x 103.15298pt.
 [34 <./images/appendix/GroupZone.JPG> <./images/appendix/AddingGroups.JPG> <./
images/appendix/AddingGroups2.JPG>]
Chapter 6.
[35

] [36] [37

]
Overfull \hbox (19.54675pt too wide) in paragraph at lines 1160--1160
[]\OT1/cmtt/m/n/12 Metaxas, D., 1997. Physics-Based Deformable Models. Boston, 
MA: Springer US[] 
 []


Overfull \hbox (19.54675pt too wide) in paragraph at lines 1160--1160
[]\OT1/cmtt/m/n/12 "Wikipedia. Pinhole camera model | wikipedia, the free encyc
lopedia, 2017b.[] 
 []


Overfull \hbox (50.42177pt too wide) in paragraph at lines 1160--1160
[]\OT1/cmtt/m/n/12 https://en.wikipedia.org/w/index.php?title=Pinhole_camera_mo
del&oldid=782167557.[] 
 []

[38]
<./images/appendix/PDD1.JPG, id=178, 459.96844pt x 642.90187pt>
File: ./images/appendix/PDD1.JPG Graphic file (type jpg)
<use ./images/appendix/PDD1.JPG>
Package pdftex.def Info: ./images/appendix/PDD1.JPG  used on input line 1166.
(pdftex.def)             Requested size: 369.88582pt x 517.01991pt.
 [39

]
Overfull \vbox (1.942pt too high) has occurred while \output is active []

 [40 <./images/appendix/PDD1.JPG>]
<./images/appendix/PDD2.JPG, id=185, 438.13687pt x 660.21657pt>
File: ./images/appendix/PDD2.JPG Graphic file (type jpg)
<use ./images/appendix/PDD2.JPG>
Package pdftex.def Info: ./images/appendix/PDD2.JPG  used on input line 1168.
(pdftex.def)             Requested size: 455.24408pt x 686.0046pt.

Overfull \hbox (29.29042pt too wide) in paragraph at lines 1168--1169
[][] 
 []


Overfull \vbox (4.84561pt too high) has occurred while \output is active []


[41 <./images/appendix/PDD2.JPG>]
<./images/appendix/PDD3.JPG, id=189, 448.67625pt x 651.18282pt>
File: ./images/appendix/PDD3.JPG Graphic file (type jpg)
<use ./images/appendix/PDD3.JPG>
Package pdftex.def Info: ./images/appendix/PDD3.JPG  used on input line 1170.
(pdftex.def)             Requested size: 455.24408pt x 660.73988pt.

Overfull \hbox (29.29042pt too wide) in paragraph at lines 1170--1171
[][] 
 []

<./images/appendix/PDD4.JPG, id=190, 465.23813pt x 660.96938pt>
File: ./images/appendix/PDD4.JPG Graphic file (type jpg)
<use ./images/appendix/PDD4.JPG>
Package pdftex.def Info: ./images/appendix/PDD4.JPG  used on input line 1172.
(pdftex.def)             Requested size: 455.24408pt x 646.78745pt.

Overfull \hbox (29.29042pt too wide) in paragraph at lines 1172--1173
[][] 
 []

[42 <./images/appendix/PDD3.JPG>]
<./images/appendix/PDD5.JPG, id=195, 480.29437pt x 681.29532pt>
File: ./images/appendix/PDD5.JPG Graphic file (type jpg)
<use ./images/appendix/PDD5.JPG>
Package pdftex.def Info: ./images/appendix/PDD5.JPG  used on input line 1174.
(pdftex.def)             Requested size: 455.24408pt x 645.77148pt.

Overfull \hbox (29.29042pt too wide) in paragraph at lines 1174--1175
[][] 
 []

[43 <./images/appendix/PDD4.JPG>]
<./images/appendix/PDD6.JPG, id=199, 477.28313pt x 666.23906pt>
File: ./images/appendix/PDD6.JPG Graphic file (type jpg)
<use ./images/appendix/PDD6.JPG>
Package pdftex.def Info: ./images/appendix/PDD6.JPG  used on input line 1176.
(pdftex.def)             Requested size: 455.24408pt x 635.47517pt.

Overfull \hbox (29.29042pt too wide) in paragraph at lines 1176--1177
[][] 
 []

[44 <./images/appendix/PDD5.JPG>]
<./images/appendix/PDD7.JPG, id=203, 488.57532pt x 660.96938pt>
File: ./images/appendix/PDD7.JPG Graphic file (type jpg)
<use ./images/appendix/PDD7.JPG>
Package pdftex.def Info: ./images/appendix/PDD7.JPG  used on input line 1178.
(pdftex.def)             Requested size: 455.24408pt x 615.88527pt.

Overfull \hbox (29.29042pt too wide) in paragraph at lines 1178--1179
[][] 
 []

[45 <./images/appendix/PDD6.JPG>]
<./images/YOLO.jpg, id=207, 707.64375pt x 1122.1925pt>
File: ./images/YOLO.jpg Graphic file (type jpg)
<use ./images/YOLO.jpg>
Package pdftex.def Info: ./images/YOLO.jpg  used on input line 1182.
(pdftex.def)             Requested size: 312.9803pt x 496.33472pt.
 [46 <./images/appendix/PDD7.JPG>] [47 <./images/YOLO.jpg>]
<./images/SD Class diagram.jpg, id=214, 1895.08pt x 896.34875pt>
File: ./images/SD Class diagram.jpg Graphic file (type jpg)
<use ./images/SD Class diagram.jpg>
Package pdftex.def Info: ./images/SD Class diagram.jpg  used on input line 1187
.
(pdftex.def)             Requested size: 1895.0754pt x 896.34657pt.
 [48 <./images/SD Class diagram.jpg>]
<./images/appendix/image298confidence.PNG, id=219, 773.89125pt x 506.6428pt>
File: ./images/appendix/image298confidence.PNG Graphic file (type png)
<use ./images/appendix/image298confidence.PNG>
Package pdftex.def Info: ./images/appendix/image298confidence.PNG  used on inpu
t line 1194.
(pdftex.def)             Requested size: 341.43306pt x 223.52652pt.
<./images/appendix/NMS0.6.PNG, id=220, 773.13844pt x 509.65407pt>
File: ./images/appendix/NMS0.6.PNG Graphic file (type png)
<use ./images/appendix/NMS0.6.PNG>
Package pdftex.def Info: ./images/appendix/NMS0.6.PNG  used on input line 1198.

(pdftex.def)             Requested size: 341.43306pt x 225.0728pt.
<./images/appendix/NoConfidenceNoAug.PNG, id=221, 773.13844pt x 505.13719pt>
File: ./images/appendix/NoConfidenceNoAug.PNG Graphic file (type png)
<use ./images/appendix/NoConfidenceNoAug.PNG>
Package pdftex.def Info: ./images/appendix/NoConfidenceNoAug.PNG  used on input
 line 1202.
(pdftex.def)             Requested size: 199.16928pt x 130.13016pt.
<./images/appendix/NoConfidenceAug10.PNG, id=222, 773.13844pt x 505.89pt>
File: ./images/appendix/NoConfidenceAug10.PNG Graphic file (type png)
<use ./images/appendix/NoConfidenceAug10.PNG>
Package pdftex.def Info: ./images/appendix/NoConfidenceAug10.PNG  used on input
 line 1203.
(pdftex.def)             Requested size: 199.16928pt x 130.32408pt.
<./images/appendix/NoConfidenceAug40.PNG, id=223, 773.13844pt x 502.87875pt>
File: ./images/appendix/NoConfidenceAug40.PNG Graphic file (type png)
<use ./images/appendix/NoConfidenceAug40.PNG>
Package pdftex.def Info: ./images/appendix/NoConfidenceAug40.PNG  used on input
 line 1205.
(pdftex.def)             Requested size: 199.16928pt x 129.54836pt.
<./images/appendix/NoConfidenceAug50.PNG, id=224, 773.89125pt x 506.6428pt>
File: ./images/appendix/NoConfidenceAug50.PNG Graphic file (type png)
<use ./images/appendix/NoConfidenceAug50.PNG>
Package pdftex.def Info: ./images/appendix/NoConfidenceAug50.PNG  used on input
 line 1206.
(pdftex.def)             Requested size: 199.16928pt x 130.3866pt.
 [49 <./images/appendix/image298confidence.PNG> <./images/appendix/NMS0.6.PNG> 
<./images/appendix/NoConfidenceNoAug.PNG> <./images/appendix/NoConfidenceAug10.
PNG>] [50 <./images/appendix/NoConfidenceAug40.PNG> <./images/appendix/NoConfid
enceAug50.PNG>]
<./images/appendix/Video3output1.PNG, id=237, 773.13844pt x 505.89pt>
File: ./images/appendix/Video3output1.PNG Graphic file (type png)
<use ./images/appendix/Video3output1.PNG>
Package pdftex.def Info: ./images/appendix/Video3output1.PNG  used on input lin
e 1211.
(pdftex.def)             Requested size: 199.16928pt x 130.32408pt.
<./images/appendix/Video3output2.PNG, id=238, 773.89125pt x 505.13719pt>
File: ./images/appendix/Video3output2.PNG Graphic file (type png)
<use ./images/appendix/Video3output2.PNG>
Package pdftex.def Info: ./images/appendix/Video3output2.PNG  used on input lin
e 1212.
(pdftex.def)             Requested size: 199.16928pt x 129.99913pt.
<./images/appendix/Video3output3.PNG, id=239, 773.89125pt x 503.63156pt>
File: ./images/appendix/Video3output3.PNG Graphic file (type png)
<use ./images/appendix/Video3output3.PNG>
Package pdftex.def Info: ./images/appendix/Video3output3.PNG  used on input lin
e 1215.
(pdftex.def)             Requested size: 199.16928pt x 129.61165pt.
<./images/appendix/Video3output4.PNG, id=240, 772.38562pt x 505.89pt>
File: ./images/appendix/Video3output4.PNG Graphic file (type png)
<use ./images/appendix/Video3output4.PNG>
Package pdftex.def Info: ./images/appendix/Video3output4.PNG  used on input lin
e 1216.
(pdftex.def)             Requested size: 199.16928pt x 130.44759pt.
 [51 <./images/appendix/Video3output1.PNG> <./images/appendix/Video3output2.PNG
> <./images/appendix/Video3output3.PNG> <./images/appendix/Video3output4.PNG>]
<./images/appendix/SDNoFilterByPixel.PNG, id=248, 773.13844pt x 502.87875pt>
File: ./images/appendix/SDNoFilterByPixel.PNG Graphic file (type png)
<use ./images/appendix/SDNoFilterByPixel.PNG>
Package pdftex.def Info: ./images/appendix/SDNoFilterByPixel.PNG  used on input
 line 1223.
(pdftex.def)             Requested size: 341.43306pt x 222.0807pt.
<./images/appendix/Cam7Clip1BoundingBoxTest1.JPG, id=249, 771.63281pt x 506.642
8pt>
File: ./images/appendix/Cam7Clip1BoundingBoxTest1.JPG Graphic file (type jpg)
<use ./images/appendix/Cam7Clip1BoundingBoxTest1.JPG>
Package pdftex.def Info: ./images/appendix/Cam7Clip1BoundingBoxTest1.JPG  used 
on input line 1228.
(pdftex.def)             Requested size: 199.16928pt x 130.76541pt.
<./images/appendix/Cam7Clip1BoundingBoxTest2.JPG, id=250, 773.13844pt x 506.642
8pt>
File: ./images/appendix/Cam7Clip1BoundingBoxTest2.JPG Graphic file (type jpg)
<use ./images/appendix/Cam7Clip1BoundingBoxTest2.JPG>
Package pdftex.def Info: ./images/appendix/Cam7Clip1BoundingBoxTest2.JPG  used 
on input line 1229.
(pdftex.def)             Requested size: 199.16928pt x 130.51802pt.
<./images/appendix/Cam7Clip1BoundingBoxTest3.JPG, id=251, 774.64406pt x 507.395
63pt>
File: ./images/appendix/Cam7Clip1BoundingBoxTest3.JPG Graphic file (type jpg)
<use ./images/appendix/Cam7Clip1BoundingBoxTest3.JPG>
Package pdftex.def Info: ./images/appendix/Cam7Clip1BoundingBoxTest3.JPG  used 
on input line 1231.
(pdftex.def)             Requested size: 199.16928pt x 130.45647pt.
<./images/appendix/Cam7Clip1BoundingBoxTest5.JPG, id=252, 774.64406pt x 507.395
63pt>
File: ./images/appendix/Cam7Clip1BoundingBoxTest5.JPG Graphic file (type jpg)
<use ./images/appendix/Cam7Clip1BoundingBoxTest5.JPG>
Package pdftex.def Info: ./images/appendix/Cam7Clip1BoundingBoxTest5.JPG  used 
on input line 1232.
(pdftex.def)             Requested size: 199.16928pt x 130.45647pt.
 [52 <./images/appendix/SDNoFilterByPixel.PNG> <./images/appendix/Cam7Clip1Boun
dingBoxTest1.JPG> <./images/appendix/Cam7Clip1BoundingBoxTest2.JPG> <./images/a
ppendix/Cam7Clip1BoundingBoxTest3.JPG> <./images/appendix/Cam7Clip1BoundingBoxT
est5.JPG>]
<./images/appendix/MatrixTransExample1.JPG, id=257, 1281.28688pt x 506.6428pt>
File: ./images/appendix/MatrixTransExample1.JPG Graphic file (type jpg)
<use ./images/appendix/MatrixTransExample1.JPG>
Package pdftex.def Info: ./images/appendix/MatrixTransExample1.JPG  used on inp
ut line 1236.
(pdftex.def)             Requested size: 369.88582pt x 146.2578pt.
<./images/appendix/MatrixTransExample2.JPG, id=258, 1282.7925pt x 500.62032pt>
File: ./images/appendix/MatrixTransExample2.JPG Graphic file (type jpg)
<use ./images/appendix/MatrixTransExample2.JPG>
Package pdftex.def Info: ./images/appendix/MatrixTransExample2.JPG  used on inp
ut line 1238.
(pdftex.def)             Requested size: 369.88582pt x 144.35118pt.
<./images/appendix/MatrixTransExample4.JPG, id=259, 1280.53406pt x 505.89pt>
File: ./images/appendix/MatrixTransExample4.JPG Graphic file (type jpg)
<use ./images/appendix/MatrixTransExample4.JPG>
Package pdftex.def Info: ./images/appendix/MatrixTransExample4.JPG  used on inp
ut line 1240.
(pdftex.def)             Requested size: 369.88582pt x 146.1254pt.

[53 <./images/appendix/MatrixTransExample1.JPG> <./images/appendix/MatrixTransE
xample2.JPG> <./images/appendix/MatrixTransExample4.JPG>]
<./images/appendix/CameraOverlapIllustration.JPG, id=263, 665.48625pt x 223.585
31pt>
File: ./images/appendix/CameraOverlapIllustration.JPG Graphic file (type jpg)
<use ./images/appendix/CameraOverlapIllustration.JPG>
Package pdftex.def Info: ./images/appendix/CameraOverlapIllustration.JPG  used 
on input line 1248.
(pdftex.def)             Requested size: 369.88582pt x 124.27213pt.
<./images/appendix/MATLABPlot.JPG, id=264, 694.84593pt x 461.47406pt>
File: ./images/appendix/MATLABPlot.JPG Graphic file (type jpg)
<use ./images/appendix/MATLABPlot.JPG>
Package pdftex.def Info: ./images/appendix/MATLABPlot.JPG  used on input line 1
253.
(pdftex.def)             Requested size: 369.88582pt x 245.65039pt.
<./images/appendix/MATLABPlot2.JPG, id=265, 727.96968pt x 477.28313pt>
File: ./images/appendix/MATLABPlot2.JPG Graphic file (type jpg)
<use ./images/appendix/MATLABPlot2.JPG>
Package pdftex.def Info: ./images/appendix/MATLABPlot2.JPG  used on input line 
1255.
(pdftex.def)             Requested size: 369.88582pt x 242.51538pt.
 [54 <./images/appendix/CameraOverlapIllustration.JPG> <./images/appendix/MATLA
BPlot.JPG> <./images/appendix/MATLABPlot2.JPG>]
<./images/appendix/Unstable4.JPG, id=270, 1281.28688pt x 504.38437pt>
File: ./images/appendix/Unstable4.JPG Graphic file (type jpg)
<use ./images/appendix/Unstable4.JPG>
Package pdftex.def Info: ./images/appendix/Unstable4.JPG  used on input line 12
60.
(pdftex.def)             Requested size: 369.88582pt x 145.60583pt.
<./images/appendix/Unstable5.JPG, id=271, 1280.53406pt x 501.37312pt>
File: ./images/appendix/Unstable5.JPG Graphic file (type jpg)
<use ./images/appendix/Unstable5.JPG>
Package pdftex.def Info: ./images/appendix/Unstable5.JPG  used on input line 12
62.
(pdftex.def)             Requested size: 369.88582pt x 144.8207pt.
 [55 <./images/appendix/Unstable4.JPG> <./images/appendix/Unstable5.JPG>]
<./diary.JPG, id=275, 427.5975pt x 591.71063pt>
File: ./diary.JPG Graphic file (type jpg)
<use ./diary.JPG>
Package pdftex.def Info: ./diary.JPG  used on input line 1267.
(pdftex.def)             Requested size: 455.24408pt x 629.96405pt.

Overfull \hbox (11.6656pt too wide) in paragraph at lines 1267--1268
[] 
 []

[56 <./diary.JPG>]
<./gantt.JPG, id=279, 760.34062pt x 588.69937pt>
File: ./gantt.JPG Graphic file (type jpg)
<use ./gantt.JPG>
Package pdftex.def Info: ./gantt.JPG  used on input line 1272.
(pdftex.def)             Requested size: 455.24408pt x 352.48575pt.

Overfull \hbox (11.6656pt too wide) in paragraph at lines 1272--1273
[] 
 []

[57 <./gantt.JPG>] (report.aux) ) 
Here is how much of TeX's memory you used:
 16219 strings out of 480790
 335316 string characters out of 2895894
 660635 words of memory out of 3000000
 31876 multiletter control sequences out of 15000+200000
 539101 words of font info for 48 fonts, out of 3000000 for 9000
 1141 hyphenation exceptions out of 8191
 68i,9n,71p,901b,278s stack positions out of 5000i,500n,10000p,200000b,50000s
<D:/Users/LeeHoang/AppData/Local/Programs/MiKT
eX/fonts/type1/public/amsfonts/cm/cmbx12.pfb><D:/Users/LeeHoang/AppData/Local/P
rograms/MiKTeX/fonts/type1/public/amsfonts/cm/cmex10.pfb><D:/Users/LeeHoang/App
Data/Local/Programs/MiKTeX/fonts/type1/public/amsfonts/cm/cmmi12.pfb><D:/Users/
LeeHoang/AppData/Local/Programs/MiKTeX/fonts/type1/public/amsfonts/cm/cmmi8.pfb
><D:/Users/LeeHoang/AppData/Local/Programs/MiKTeX/fonts/type1/public/amsfonts/c
m/cmr10.pfb><D:/Users/LeeHoang/AppData/Local/Programs/MiKTeX/fonts/type1/public
/amsfonts/cm/cmr12.pfb><D:/Users/LeeHoang/AppData/Local/Programs/MiKTeX/fonts/t
ype1/public/amsfonts/cm/cmr8.pfb><D:/Users/LeeHoang/AppData/Local/Programs/MiKT
eX/fonts/type1/public/amsfonts/cm/cmsy10.pfb><D:/Users/LeeHoang/AppData/Local/P
rograms/MiKTeX/fonts/type1/public/amsfonts/cm/cmsy8.pfb><D:/Users/LeeHoang/AppD
ata/Local/Programs/MiKTeX/fonts/type1/public/amsfonts/cm/cmtt12.pfb>
Output written on report.pdf (58 pages, 26990654 bytes).
PDF statistics:
 317 PDF objects out of 1000 (max. 8388607)
 0 named destinations out of 1000 (max. 500000)
 348 words of extra memory for PDF output out of 10000 (max. 10000000)

